#! /home/henrique/tools/oss-cad-suite/bin/vvp
:ivl_version "13.0 (devel)" "(s20250103-64-gdad78d525)";
:ivl_delay_selection "TYPICAL";
:vpi_time_precision + 0;
:vpi_module "/home/henrique/tools/oss-cad-suite/lib/ivl/system.vpi";
:vpi_module "/home/henrique/tools/oss-cad-suite/lib/ivl/vhdl_sys.vpi";
:vpi_module "/home/henrique/tools/oss-cad-suite/lib/ivl/vhdl_textio.vpi";
:vpi_module "/home/henrique/tools/oss-cad-suite/lib/ivl/v2005_math.vpi";
:vpi_module "/home/henrique/tools/oss-cad-suite/lib/ivl/va_math.vpi";
S_0x555564133de0 .scope module, "FSM" "FSM" 2 2;
 .timescale 0 0;
    .port_info 0 /INPUT 1 "clk";
    .port_info 1 /INPUT 1 "rst";
    .port_info 2 /INPUT 1 "over_input";
    .port_info 3 /INPUT 1 "over_input_out";
    .port_info 4 /INPUT 11 "addr_wei";
    .port_info 5 /INPUT 8 "addr_wei_out";
    .port_info 6 /OUTPUT 1 "count_init";
    .port_info 7 /OUTPUT 1 "count_init_out";
    .port_info 8 /OUTPUT 1 "weight_wr";
    .port_info 9 /OUTPUT 1 "weight_out_wr";
    .port_info 10 /OUTPUT 100 "PE_en";
    .port_info 11 /OUTPUT 10 "PE_out_en";
    .port_info 12 /OUTPUT 1 "atv_en";
    .port_info 13 /OUTPUT 1 "atv_out_en";
    .port_info 14 /OUTPUT 1 "att_out";
P_0x555564163a60 .param/l "ATT_OUT" 1 2 39, C4<1101>;
P_0x555564163aa0 .param/l "ATV" 1 2 31, C4<0111>;
P_0x555564163ae0 .param/l "BIAS" 1 2 29, C4<0110>;
P_0x555564163b20 .param/l "DUMP_WEIGHTS" 1 2 23, C4<0001>;
P_0x555564163b60 .param/l "DUMP_WEIGHTS_OUT" 1 2 24, C4<0010>;
P_0x555564163ba0 .param/l "FINAL_RESULT" 1 2 38, C4<1100>;
P_0x555564163be0 .param/l "OUT_BIAS" 1 2 36, C4<1011>;
P_0x555564163c20 .param/l "OUT_SUM" 1 2 33, C4<1000>;
P_0x555564163c60 .param/l "OUT_delay1" 1 2 34, C4<1001>;
P_0x555564163ca0 .param/l "OUT_delay2" 1 2 35, C4<1010>;
P_0x555564163ce0 .param/l "RST" 1 2 22, C4<0000>;
P_0x555564163d20 .param/l "SUM" 1 2 26, C4<0011>;
P_0x555564163d60 .param/l "SUM_delay1" 1 2 27, C4<0100>;
P_0x555564163da0 .param/l "SUM_delay2" 1 2 28, C4<0101>;
P_0x555564163de0 .param/l "in_qnt" 0 2 2, +C4<00000000000000000000001100010000>;
P_0x555564163e20 .param/l "layer" 0 2 2, +C4<00000000000000000000000001100100>;
P_0x555564163e60 .param/l "out_layer" 0 2 2, +C4<00000000000000000000000000001010>;
v0x555564163eb0_0 .var "PE_en", 99 0;
v0x555564198a00_0 .var "PE_out_en", 9 0;
o0x7dfdfe11c078 .functor BUFZ 11, c4<zzzzzzzzzzz>; HiZ drive
v0x555564198ae0_0 .net "addr_wei", 10 0, o0x7dfdfe11c078;  0 drivers
o0x7dfdfe11c0a8 .functor BUFZ 8, c4<zzzzzzzz>; HiZ drive
v0x555564198ba0_0 .net "addr_wei_out", 7 0, o0x7dfdfe11c0a8;  0 drivers
v0x555564198c80_0 .var "att_out", 0 0;
v0x555564198d90_0 .var "atv_en", 0 0;
v0x555564198e50_0 .var "atv_out_en", 0 0;
o0x7dfdfe11c168 .functor BUFZ 1, c4<z>; HiZ drive
v0x555564198f10_0 .net "clk", 0 0, o0x7dfdfe11c168;  0 drivers
v0x555564198fd0_0 .var "count_init", 0 0;
v0x555564199090_0 .var "count_init_out", 0 0;
v0x555564199150_0 .net "current_state", 0 0, L_0x555564199b00;  1 drivers
v0x555564199210_0 .var "next_state", 3 0;
o0x7dfdfe11c258 .functor BUFZ 1, c4<z>; HiZ drive
v0x5555641992f0_0 .net "over_input", 0 0, o0x7dfdfe11c258;  0 drivers
o0x7dfdfe11c288 .functor BUFZ 1, c4<z>; HiZ drive
v0x5555641993b0_0 .net "over_input_out", 0 0, o0x7dfdfe11c288;  0 drivers
o0x7dfdfe11c2b8 .functor BUFZ 1, c4<z>; HiZ drive
v0x555564199470_0 .net "rst", 0 0, o0x7dfdfe11c2b8;  0 drivers
v0x555564199530_0 .var "state", 3 0;
v0x555564199610_0 .var "weight_out_wr", 0 0;
v0x5555641997e0_0 .var "weight_wr", 0 0;
E_0x55556416d090 .event anyedge, v0x555564199530_0;
E_0x55556416e3d0/0 .event anyedge, v0x555564199530_0, v0x5555641992f0_0, v0x5555641993b0_0, v0x555564198ae0_0;
E_0x55556416e3d0/1 .event anyedge, v0x555564198ba0_0;
E_0x55556416e3d0 .event/or E_0x55556416e3d0/0, E_0x55556416e3d0/1;
E_0x555564157b00 .event posedge, v0x555564199470_0, v0x555564198f10_0;
L_0x555564199b00 .part v0x555564199530_0, 0, 1;
    .scope S_0x555564133de0;
T_0 ;
    %wait E_0x555564157b00;
    %load/vec4 v0x555564199470_0;
    %flag_set/vec4 8;
    %jmp/0xz  T_0.0, 8;
    %pushi/vec4 0, 0, 4;
    %assign/vec4 v0x555564199530_0, 0;
    %jmp T_0.1;
T_0.0 ;
    %load/vec4 v0x555564199210_0;
    %assign/vec4 v0x555564199530_0, 0;
T_0.1 ;
    %jmp T_0;
    .thread T_0;
    .scope S_0x555564133de0;
T_1 ;
    %wait E_0x55556416e3d0;
    %load/vec4 v0x555564199530_0;
    %dup/vec4;
    %pushi/vec4 0, 0, 4;
    %cmp/u;
    %jmp/1 T_1.0, 6;
    %dup/vec4;
    %pushi/vec4 1, 0, 4;
    %cmp/u;
    %jmp/1 T_1.1, 6;
    %dup/vec4;
    %pushi/vec4 2, 0, 4;
    %cmp/u;
    %jmp/1 T_1.2, 6;
    %dup/vec4;
    %pushi/vec4 3, 0, 4;
    %cmp/u;
    %jmp/1 T_1.3, 6;
    %dup/vec4;
    %pushi/vec4 4, 0, 4;
    %cmp/u;
    %jmp/1 T_1.4, 6;
    %dup/vec4;
    %pushi/vec4 5, 0, 4;
    %cmp/u;
    %jmp/1 T_1.5, 6;
    %dup/vec4;
    %pushi/vec4 6, 0, 4;
    %cmp/u;
    %jmp/1 T_1.6, 6;
    %dup/vec4;
    %pushi/vec4 7, 0, 4;
    %cmp/u;
    %jmp/1 T_1.7, 6;
    %dup/vec4;
    %pushi/vec4 8, 0, 4;
    %cmp/u;
    %jmp/1 T_1.8, 6;
    %dup/vec4;
    %pushi/vec4 9, 0, 4;
    %cmp/u;
    %jmp/1 T_1.9, 6;
    %dup/vec4;
    %pushi/vec4 10, 0, 4;
    %cmp/u;
    %jmp/1 T_1.10, 6;
    %dup/vec4;
    %pushi/vec4 11, 0, 4;
    %cmp/u;
    %jmp/1 T_1.11, 6;
    %dup/vec4;
    %pushi/vec4 12, 0, 4;
    %cmp/u;
    %jmp/1 T_1.12, 6;
    %dup/vec4;
    %pushi/vec4 13, 0, 4;
    %cmp/u;
    %jmp/1 T_1.13, 6;
    %pushi/vec4 0, 0, 4;
    %store/vec4 v0x555564199210_0, 0, 4;
    %jmp T_1.15;
T_1.0 ;
    %pushi/vec4 1, 0, 4;
    %store/vec4 v0x555564199210_0, 0, 4;
    %jmp T_1.15;
T_1.1 ;
    %load/vec4 v0x5555641992f0_0;
    %flag_set/vec4 8;
    %jmp/0xz  T_1.16, 8;
    %pushi/vec4 2, 0, 4;
    %store/vec4 v0x555564199210_0, 0, 4;
    %jmp T_1.17;
T_1.16 ;
    %pushi/vec4 1, 0, 4;
    %store/vec4 v0x555564199210_0, 0, 4;
T_1.17 ;
    %jmp T_1.15;
T_1.2 ;
    %load/vec4 v0x5555641993b0_0;
    %flag_set/vec4 8;
    %jmp/0xz  T_1.18, 8;
    %pushi/vec4 3, 0, 4;
    %store/vec4 v0x555564199210_0, 0, 4;
    %jmp T_1.19;
T_1.18 ;
    %pushi/vec4 2, 0, 4;
    %store/vec4 v0x555564199210_0, 0, 4;
T_1.19 ;
    %jmp T_1.15;
T_1.3 ;
    %pushi/vec4 4, 0, 4;
    %store/vec4 v0x555564199210_0, 0, 4;
    %jmp T_1.15;
T_1.4 ;
    %pushi/vec4 5, 0, 4;
    %store/vec4 v0x555564199210_0, 0, 4;
    %jmp T_1.15;
T_1.5 ;
    %load/vec4 v0x555564198ae0_0;
    %pad/u 32;
    %cmpi/e 784, 0, 32;
    %jmp/0xz  T_1.20, 4;
    %pushi/vec4 6, 0, 4;
    %store/vec4 v0x555564199210_0, 0, 4;
    %jmp T_1.21;
T_1.20 ;
    %pushi/vec4 5, 0, 4;
    %store/vec4 v0x555564199210_0, 0, 4;
T_1.21 ;
    %jmp T_1.15;
T_1.6 ;
    %pushi/vec4 7, 0, 4;
    %store/vec4 v0x555564199210_0, 0, 4;
    %jmp T_1.15;
T_1.7 ;
    %pushi/vec4 8, 0, 4;
    %store/vec4 v0x555564199210_0, 0, 4;
    %jmp T_1.15;
T_1.8 ;
    %pushi/vec4 9, 0, 4;
    %store/vec4 v0x555564199210_0, 0, 4;
    %jmp T_1.15;
T_1.9 ;
    %pushi/vec4 10, 0, 4;
    %store/vec4 v0x555564199210_0, 0, 4;
    %jmp T_1.15;
T_1.10 ;
    %load/vec4 v0x555564198ba0_0;
    %pad/u 32;
    %cmpi/e 100, 0, 32;
    %jmp/0xz  T_1.22, 4;
    %pushi/vec4 11, 0, 4;
    %store/vec4 v0x555564199210_0, 0, 4;
    %jmp T_1.23;
T_1.22 ;
    %pushi/vec4 10, 0, 4;
    %store/vec4 v0x555564199210_0, 0, 4;
T_1.23 ;
    %jmp T_1.15;
T_1.11 ;
    %pushi/vec4 12, 0, 4;
    %store/vec4 v0x555564199210_0, 0, 4;
    %jmp T_1.15;
T_1.12 ;
    %pushi/vec4 13, 0, 4;
    %store/vec4 v0x555564199210_0, 0, 4;
    %jmp T_1.15;
T_1.13 ;
    %pushi/vec4 3, 0, 4;
    %store/vec4 v0x555564199210_0, 0, 4;
    %jmp T_1.15;
T_1.15 ;
    %pop/vec4 1;
    %jmp T_1;
    .thread T_1, $push;
    .scope S_0x555564133de0;
T_2 ;
    %wait E_0x55556416d090;
    %pushi/vec4 0, 0, 1;
    %store/vec4 v0x555564198fd0_0, 0, 1;
    %pushi/vec4 0, 0, 1;
    %store/vec4 v0x555564199090_0, 0, 1;
    %pushi/vec4 0, 0, 100;
    %store/vec4 v0x555564163eb0_0, 0, 100;
    %pushi/vec4 0, 0, 10;
    %store/vec4 v0x555564198a00_0, 0, 10;
    %pushi/vec4 0, 0, 1;
    %store/vec4 v0x5555641997e0_0, 0, 1;
    %pushi/vec4 0, 0, 1;
    %store/vec4 v0x555564199610_0, 0, 1;
    %pushi/vec4 0, 0, 1;
    %store/vec4 v0x555564198c80_0, 0, 1;
    %pushi/vec4 0, 0, 1;
    %store/vec4 v0x555564198d90_0, 0, 1;
    %pushi/vec4 0, 0, 1;
    %store/vec4 v0x555564198e50_0, 0, 1;
    %load/vec4 v0x555564199530_0;
    %dup/vec4;
    %pushi/vec4 0, 0, 4;
    %cmp/u;
    %jmp/1 T_2.0, 6;
    %dup/vec4;
    %pushi/vec4 1, 0, 4;
    %cmp/u;
    %jmp/1 T_2.1, 6;
    %dup/vec4;
    %pushi/vec4 2, 0, 4;
    %cmp/u;
    %jmp/1 T_2.2, 6;
    %dup/vec4;
    %pushi/vec4 3, 0, 4;
    %cmp/u;
    %jmp/1 T_2.3, 6;
    %dup/vec4;
    %pushi/vec4 4, 0, 4;
    %cmp/u;
    %jmp/1 T_2.4, 6;
    %dup/vec4;
    %pushi/vec4 5, 0, 4;
    %cmp/u;
    %jmp/1 T_2.5, 6;
    %dup/vec4;
    %pushi/vec4 6, 0, 4;
    %cmp/u;
    %jmp/1 T_2.6, 6;
    %dup/vec4;
    %pushi/vec4 7, 0, 4;
    %cmp/u;
    %jmp/1 T_2.7, 6;
    %dup/vec4;
    %pushi/vec4 8, 0, 4;
    %cmp/u;
    %jmp/1 T_2.8, 6;
    %dup/vec4;
    %pushi/vec4 9, 0, 4;
    %cmp/u;
    %jmp/1 T_2.9, 6;
    %dup/vec4;
    %pushi/vec4 10, 0, 4;
    %cmp/u;
    %jmp/1 T_2.10, 6;
    %dup/vec4;
    %pushi/vec4 11, 0, 4;
    %cmp/u;
    %jmp/1 T_2.11, 6;
    %dup/vec4;
    %pushi/vec4 12, 0, 4;
    %cmp/u;
    %jmp/1 T_2.12, 6;
    %dup/vec4;
    %pushi/vec4 13, 0, 4;
    %cmp/u;
    %jmp/1 T_2.13, 6;
    %jmp T_2.14;
T_2.0 ;
    %pushi/vec4 0, 0, 1;
    %store/vec4 v0x555564198fd0_0, 0, 1;
    %pushi/vec4 0, 0, 1;
    %store/vec4 v0x555564199090_0, 0, 1;
    %pushi/vec4 0, 0, 100;
    %store/vec4 v0x555564163eb0_0, 0, 100;
    %pushi/vec4 0, 0, 10;
    %store/vec4 v0x555564198a00_0, 0, 10;
    %pushi/vec4 0, 0, 1;
    %store/vec4 v0x5555641997e0_0, 0, 1;
    %pushi/vec4 0, 0, 1;
    %store/vec4 v0x555564199610_0, 0, 1;
    %pushi/vec4 0, 0, 1;
    %store/vec4 v0x555564198c80_0, 0, 1;
    %pushi/vec4 0, 0, 1;
    %store/vec4 v0x555564198d90_0, 0, 1;
    %pushi/vec4 0, 0, 1;
    %store/vec4 v0x555564198e50_0, 0, 1;
    %jmp T_2.14;
T_2.1 ;
    %pushi/vec4 1, 0, 1;
    %store/vec4 v0x555564198fd0_0, 0, 1;
    %pushi/vec4 1, 0, 1;
    %store/vec4 v0x5555641997e0_0, 0, 1;
    %jmp T_2.14;
T_2.2 ;
    %pushi/vec4 1, 0, 1;
    %store/vec4 v0x555564199610_0, 0, 1;
    %pushi/vec4 1, 0, 1;
    %store/vec4 v0x555564199090_0, 0, 1;
    %jmp T_2.14;
T_2.3 ;
    %pushi/vec4 1, 0, 1;
    %store/vec4 v0x555564198fd0_0, 0, 1;
    %jmp T_2.14;
T_2.4 ;
    %pushi/vec4 1, 0, 1;
    %store/vec4 v0x555564198fd0_0, 0, 1;
    %jmp T_2.14;
T_2.5 ;
    %pushi/vec4 4294967295, 0, 32;
    %concati/vec4 4294967295, 0, 32;
    %concati/vec4 4294967295, 0, 32;
    %concati/vec4 15, 0, 4;
    %store/vec4 v0x555564163eb0_0, 0, 100;
    %jmp T_2.14;
T_2.6 ;
    %pushi/vec4 4294967295, 0, 32;
    %concati/vec4 4294967295, 0, 32;
    %concati/vec4 4294967295, 0, 32;
    %concati/vec4 15, 0, 4;
    %store/vec4 v0x555564163eb0_0, 0, 100;
    %jmp T_2.14;
T_2.7 ;
    %pushi/vec4 1, 0, 1;
    %store/vec4 v0x555564198d90_0, 0, 1;
    %jmp T_2.14;
T_2.8 ;
    %pushi/vec4 1, 0, 1;
    %store/vec4 v0x555564199090_0, 0, 1;
    %jmp T_2.14;
T_2.9 ;
    %pushi/vec4 1, 0, 1;
    %store/vec4 v0x555564199090_0, 0, 1;
    %jmp T_2.14;
T_2.10 ;
    %pushi/vec4 1023, 0, 10;
    %store/vec4 v0x555564198a00_0, 0, 10;
    %pushi/vec4 1, 0, 1;
    %store/vec4 v0x555564199090_0, 0, 1;
    %jmp T_2.14;
T_2.11 ;
    %pushi/vec4 1023, 0, 10;
    %store/vec4 v0x555564198a00_0, 0, 10;
    %jmp T_2.14;
T_2.12 ;
    %pushi/vec4 1, 0, 1;
    %store/vec4 v0x555564198e50_0, 0, 1;
    %jmp T_2.14;
T_2.13 ;
    %pushi/vec4 1, 0, 1;
    %store/vec4 v0x555564198e50_0, 0, 1;
    %pushi/vec4 1, 0, 1;
    %store/vec4 v0x555564198c80_0, 0, 1;
    %jmp T_2.14;
T_2.14 ;
    %pop/vec4 1;
    %jmp T_2;
    .thread T_2, $push;
# The file index is used to find the file name in the following table.
:file_names 3;
    "N/A";
    "<interactive>";
    "NPU_module/control_modules/fsm.v";
